Copyright 1986-2020 Xilinx, Inc. All Rights Reserved.
-------------------------------------------------------------------------------------
| Tool Version : Vivado v.2020.2 (win64) Build 3064766 Wed Nov 18 09:12:45 MST 2020
| Date         : Tue Mar 15 15:42:07 2022
| Host         : DESKTOP-JVL83V4 running 64-bit major release  (build 9200)
| Command      : report_control_sets -verbose -file au_top_0_control_sets_placed.rpt
| Design       : au_top_0
| Device       : xc7a35t
-------------------------------------------------------------------------------------

Control Set Information

Table of Contents
-----------------
1. Summary
2. Histogram
3. Flip-Flop Distribution
4. Detailed Control Set Information

1. Summary
----------

+----------------------------------------------------------+-------+
|                          Status                          | Count |
+----------------------------------------------------------+-------+
| Total control sets                                       |    16 |
|    Minimum number of control sets                        |    16 |
|    Addition due to synthesis replication                 |     0 |
|    Addition due to physical synthesis replication        |     0 |
| Unused register locations in slices containing registers |    54 |
+----------------------------------------------------------+-------+
* Control sets can be merged at opt_design using control_set_merge or merge_equivalent_drivers
** Run report_qor_suggestions for automated merging and remapping suggestions


2. Histogram
------------

+--------------------+-------+
|       Fanout       | Count |
+--------------------+-------+
| Total control sets |    16 |
| >= 0 to < 4        |     1 |
| >= 4 to < 6        |     5 |
| >= 6 to < 8        |     1 |
| >= 8 to < 10       |     0 |
| >= 10 to < 12      |     0 |
| >= 12 to < 14      |     0 |
| >= 14 to < 16      |     1 |
| >= 16              |     8 |
+--------------------+-------+
* Control sets can be remapped at either synth_design or opt_design


3. Flip-Flop Distribution
-------------------------

+--------------+-----------------------+------------------------+-----------------+--------------+
| Clock Enable | Synchronous Set/Reset | Asynchronous Set/Reset | Total Registers | Total Slices |
+--------------+-----------------------+------------------------+-----------------+--------------+
| No           | No                    | No                     |              14 |            9 |
| No           | No                    | Yes                    |               0 |            0 |
| No           | Yes                   | No                     |             100 |           47 |
| Yes          | No                    | No                     |               0 |            0 |
| Yes          | No                    | Yes                    |               0 |            0 |
| Yes          | Yes                   | No                     |             136 |           40 |
+--------------+-----------------------+------------------------+-----------------+--------------+


4. Detailed Control Set Information
-----------------------------------

+----------------+----------------------------------------------------------+-------------------------------------------------------+------------------+----------------+--------------+
|  Clock Signal  |                       Enable Signal                      |                    Set/Reset Signal                   | Slice Load Count | Bel Load Count | Bels / Slice |
+----------------+----------------------------------------------------------+-------------------------------------------------------+------------------+----------------+--------------+
|  clk_IBUF_BUFG | manual/M_inputInv_q[0]_i_1_n_0                           | reset_cond/Q[0]                                       |                1 |              1 |         1.00 |
|  clk_IBUF_BUFG |                                                          | reset_cond/M_reset_cond_in                            |                2 |              4 |         2.00 |
|  clk_IBUF_BUFG | auto/test_error/M_testNum_q[3]_i_1__1_n_0                | reset_cond/Q[0]                                       |                2 |              4 |         2.00 |
|  clk_IBUF_BUFG | auto/test_multiply/M_testNum_q[3]_i_1__0_n_0             | reset_cond/Q[0]                                       |                2 |              4 |         2.00 |
|  clk_IBUF_BUFG | auto/test_shifter/E[0]                                   | reset_cond/Q[0]                                       |                1 |              4 |         4.00 |
|  clk_IBUF_BUFG | auto/test_compare/M_testNum_q[4]_i_1_n_0                 | reset_cond/Q[0]                                       |                1 |              5 |         5.00 |
|  clk_IBUF_BUFG | buttondetector_gen_0[1].buttondetector/E[0]              | buttoncond_gen_0[0].buttoncond/M_control_q            |                2 |              6 |         3.00 |
|  clk_IBUF_BUFG |                                                          |                                                       |                9 |             14 |         1.56 |
|  clk_IBUF_BUFG | buttondetector_gen_0[1].buttondetector/M_last_q_reg_0[0] | buttoncond_gen_0[0].buttoncond/M_control_q            |                5 |             16 |         3.20 |
|  clk_IBUF_BUFG | manual/aluunit/mult/E[0]                                 | buttoncond_gen_0[0].buttoncond/M_control_q            |                6 |             16 |         2.67 |
|  clk_IBUF_BUFG | buttoncond_gen_0[0].buttoncond/M_ctr_q[0]_i_2_n_0        | buttoncond_gen_0[0].buttoncond/sync/M_pipe_q_reg[1]_0 |                5 |             20 |         4.00 |
|  clk_IBUF_BUFG | buttoncond_gen_0[1].buttoncond/M_ctr_q[0]_i_2__2_n_0     | buttoncond_gen_0[1].buttoncond/sync/M_pipe_q_reg[1]_0 |                5 |             20 |         4.00 |
|  clk_IBUF_BUFG | buttoncond_gen_0[2].buttoncond/M_ctr_q[0]_i_2__1_n_0     | buttoncond_gen_0[2].buttoncond/sync/M_pipe_q_reg[1]_0 |                5 |             20 |         4.00 |
|  clk_IBUF_BUFG | buttoncond_gen_0[3].buttoncond/sel                       | buttoncond_gen_0[3].buttoncond/sync/clear             |                5 |             20 |         4.00 |
|  clk_IBUF_BUFG |                                                          | buttoncond_gen_0[0].buttoncond/M_control_q            |               12 |             21 |         1.75 |
|  clk_IBUF_BUFG |                                                          | reset_cond/Q[0]                                       |               33 |             75 |         2.27 |
+----------------+----------------------------------------------------------+-------------------------------------------------------+------------------+----------------+--------------+


