
*** Running vivado
    with args -log au_top_0.vds -m64 -product Vivado -mode batch -messageDb vivado.pb -notrace -source au_top_0.tcl



****** Vivado v2021.2 (64-bit)
  **** SW Build 3367213 on Tue Oct 19 02:48:09 MDT 2021
  **** IP Build 3369179 on Thu Oct 21 08:25:16 MDT 2021
    ** Copyright 1986-2021 Xilinx, Inc. All Rights Reserved.

source au_top_0.tcl -notrace
create_project: Time (s): cpu = 00:00:05 ; elapsed = 00:00:05 . Memory (MB): peak = 1247.664 ; gain = 7.965
Command: synth_design -top au_top_0 -part xc7a35tftg256-1
Starting synth_design
Attempting to get a license for feature 'Synthesis' and/or device 'xc7a35t'
INFO: [Common 17-349] Got license for feature 'Synthesis' and/or device 'xc7a35t'
INFO: [Device 21-403] Loading part xc7a35tftg256-1
INFO: [Synth 8-7079] Multithreading enabled for synth_design using a maximum of 2 processes.
INFO: [Synth 8-7078] Launching helper process for spawning children vivado processes
INFO: [Synth 8-7075] Helper process launched with PID 9492
---------------------------------------------------------------------------------
Starting RTL Elaboration : Time (s): cpu = 00:00:07 ; elapsed = 00:00:07 . Memory (MB): peak = 1247.664 ; gain = 0.000
---------------------------------------------------------------------------------
INFO: [Synth 8-6157] synthesizing module 'au_top_0' [C:/Users/Javier/Documents/Alchitry/Rune/work/vivado/Rune/Rune.srcs/sources_1/imports/verilog/au_top_0.v:7]
INFO: [Synth 8-6157] synthesizing module 'button_conditioner_3' [C:/Users/Javier/Documents/Alchitry/Rune/work/vivado/Rune/Rune.srcs/sources_1/imports/verilog/button_conditioner_3.v:13]
INFO: [Synth 8-6157] synthesizing module 'pipeline_17' [C:/Users/Javier/Documents/Alchitry/Rune/work/vivado/Rune/Rune.srcs/sources_1/imports/verilog/pipeline_17.v:11]
INFO: [Synth 8-6155] done synthesizing module 'pipeline_17' (1#1) [C:/Users/Javier/Documents/Alchitry/Rune/work/vivado/Rune/Rune.srcs/sources_1/imports/verilog/pipeline_17.v:11]
INFO: [Synth 8-6155] done synthesizing module 'button_conditioner_3' (2#1) [C:/Users/Javier/Documents/Alchitry/Rune/work/vivado/Rune/Rune.srcs/sources_1/imports/verilog/button_conditioner_3.v:13]
INFO: [Synth 8-6157] synthesizing module 'edge_detector_4' [C:/Users/Javier/Documents/Alchitry/Rune/work/vivado/Rune/Rune.srcs/sources_1/imports/verilog/edge_detector_4.v:12]
INFO: [Synth 8-6155] done synthesizing module 'edge_detector_4' (3#1) [C:/Users/Javier/Documents/Alchitry/Rune/work/vivado/Rune/Rune.srcs/sources_1/imports/verilog/edge_detector_4.v:12]
INFO: [Synth 8-6157] synthesizing module 'full_circuit_1' [C:/Users/Javier/Documents/Alchitry/Rune/work/vivado/Rune/Rune.srcs/sources_1/imports/verilog/full_circuit_1.v:7]
INFO: [Synth 8-6157] synthesizing module 'counter_6' [C:/Users/Javier/Documents/Alchitry/Rune/work/vivado/Rune/Rune.srcs/sources_1/imports/verilog/counter_6.v:14]
INFO: [Synth 8-6155] done synthesizing module 'counter_6' (4#1) [C:/Users/Javier/Documents/Alchitry/Rune/work/vivado/Rune/Rune.srcs/sources_1/imports/verilog/counter_6.v:14]
INFO: [Synth 8-6157] synthesizing module 'variable_counter_7' [C:/Users/Javier/Documents/Alchitry/Rune/work/vivado/Rune/Rune.srcs/sources_1/imports/verilog/variable_counter_7.v:11]
INFO: [Synth 8-6157] synthesizing module 'edge_detector_21' [C:/Users/Javier/Documents/Alchitry/Rune/work/vivado/Rune/Rune.srcs/sources_1/imports/verilog/edge_detector_21.v:12]
INFO: [Synth 8-6155] done synthesizing module 'edge_detector_21' (5#1) [C:/Users/Javier/Documents/Alchitry/Rune/work/vivado/Rune/Rune.srcs/sources_1/imports/verilog/edge_detector_21.v:12]
INFO: [Synth 8-6157] synthesizing module 'counter_22' [C:/Users/Javier/Documents/Alchitry/Rune/work/vivado/Rune/Rune.srcs/sources_1/imports/verilog/counter_22.v:14]
INFO: [Synth 8-6155] done synthesizing module 'counter_22' (6#1) [C:/Users/Javier/Documents/Alchitry/Rune/work/vivado/Rune/Rune.srcs/sources_1/imports/verilog/counter_22.v:14]
INFO: [Synth 8-6157] synthesizing module 'pn_gen_23' [C:/Users/Javier/Documents/Alchitry/Rune/work/vivado/Rune/Rune.srcs/sources_1/imports/verilog/pn_gen_23.v:11]
INFO: [Synth 8-6155] done synthesizing module 'pn_gen_23' (7#1) [C:/Users/Javier/Documents/Alchitry/Rune/work/vivado/Rune/Rune.srcs/sources_1/imports/verilog/pn_gen_23.v:11]
WARNING: [Synth 8-151] case item 4'b1000 is unreachable [C:/Users/Javier/Documents/Alchitry/Rune/work/vivado/Rune/Rune.srcs/sources_1/imports/verilog/variable_counter_7.v:100]
WARNING: [Synth 8-151] case item 4'b1001 is unreachable [C:/Users/Javier/Documents/Alchitry/Rune/work/vivado/Rune/Rune.srcs/sources_1/imports/verilog/variable_counter_7.v:103]
WARNING: [Synth 8-151] case item 4'b1010 is unreachable [C:/Users/Javier/Documents/Alchitry/Rune/work/vivado/Rune/Rune.srcs/sources_1/imports/verilog/variable_counter_7.v:106]
WARNING: [Synth 8-151] case item 4'b1011 is unreachable [C:/Users/Javier/Documents/Alchitry/Rune/work/vivado/Rune/Rune.srcs/sources_1/imports/verilog/variable_counter_7.v:109]
WARNING: [Synth 8-151] case item 4'b1100 is unreachable [C:/Users/Javier/Documents/Alchitry/Rune/work/vivado/Rune/Rune.srcs/sources_1/imports/verilog/variable_counter_7.v:112]
WARNING: [Synth 8-151] case item 4'b1101 is unreachable [C:/Users/Javier/Documents/Alchitry/Rune/work/vivado/Rune/Rune.srcs/sources_1/imports/verilog/variable_counter_7.v:115]
WARNING: [Synth 8-151] case item 4'b1110 is unreachable [C:/Users/Javier/Documents/Alchitry/Rune/work/vivado/Rune/Rune.srcs/sources_1/imports/verilog/variable_counter_7.v:118]
WARNING: [Synth 8-151] case item 4'b1111 is unreachable [C:/Users/Javier/Documents/Alchitry/Rune/work/vivado/Rune/Rune.srcs/sources_1/imports/verilog/variable_counter_7.v:121]
WARNING: [Synth 8-3936] Found unconnected internal register 'temp_pointer_reg' and it is trimmed from '4' to '3' bits. [C:/Users/Javier/Documents/Alchitry/Rune/work/vivado/Rune/Rune.srcs/sources_1/imports/verilog/variable_counter_7.v:69]
INFO: [Synth 8-6155] done synthesizing module 'variable_counter_7' (8#1) [C:/Users/Javier/Documents/Alchitry/Rune/work/vivado/Rune/Rune.srcs/sources_1/imports/verilog/variable_counter_7.v:11]
INFO: [Synth 8-6157] synthesizing module 'variable_counter_unrestricted_8' [C:/Users/Javier/Documents/Alchitry/Rune/work/vivado/Rune/Rune.srcs/sources_1/imports/verilog/variable_counter_unrestricted_8.v:11]
INFO: [Synth 8-6157] synthesizing module 'counter_24' [C:/Users/Javier/Documents/Alchitry/Rune/work/vivado/Rune/Rune.srcs/sources_1/imports/verilog/counter_24.v:14]
INFO: [Synth 8-6155] done synthesizing module 'counter_24' (9#1) [C:/Users/Javier/Documents/Alchitry/Rune/work/vivado/Rune/Rune.srcs/sources_1/imports/verilog/counter_24.v:14]
WARNING: [Synth 8-151] case item 4'b1000 is unreachable [C:/Users/Javier/Documents/Alchitry/Rune/work/vivado/Rune/Rune.srcs/sources_1/imports/verilog/variable_counter_unrestricted_8.v:100]
WARNING: [Synth 8-151] case item 4'b1001 is unreachable [C:/Users/Javier/Documents/Alchitry/Rune/work/vivado/Rune/Rune.srcs/sources_1/imports/verilog/variable_counter_unrestricted_8.v:103]
WARNING: [Synth 8-151] case item 4'b1010 is unreachable [C:/Users/Javier/Documents/Alchitry/Rune/work/vivado/Rune/Rune.srcs/sources_1/imports/verilog/variable_counter_unrestricted_8.v:106]
WARNING: [Synth 8-151] case item 4'b1011 is unreachable [C:/Users/Javier/Documents/Alchitry/Rune/work/vivado/Rune/Rune.srcs/sources_1/imports/verilog/variable_counter_unrestricted_8.v:109]
WARNING: [Synth 8-151] case item 4'b1100 is unreachable [C:/Users/Javier/Documents/Alchitry/Rune/work/vivado/Rune/Rune.srcs/sources_1/imports/verilog/variable_counter_unrestricted_8.v:112]
WARNING: [Synth 8-151] case item 4'b1101 is unreachable [C:/Users/Javier/Documents/Alchitry/Rune/work/vivado/Rune/Rune.srcs/sources_1/imports/verilog/variable_counter_unrestricted_8.v:115]
WARNING: [Synth 8-151] case item 4'b1110 is unreachable [C:/Users/Javier/Documents/Alchitry/Rune/work/vivado/Rune/Rune.srcs/sources_1/imports/verilog/variable_counter_unrestricted_8.v:118]
WARNING: [Synth 8-151] case item 4'b1111 is unreachable [C:/Users/Javier/Documents/Alchitry/Rune/work/vivado/Rune/Rune.srcs/sources_1/imports/verilog/variable_counter_unrestricted_8.v:121]
WARNING: [Synth 8-3936] Found unconnected internal register 'temp_pointer_reg' and it is trimmed from '4' to '3' bits. [C:/Users/Javier/Documents/Alchitry/Rune/work/vivado/Rune/Rune.srcs/sources_1/imports/verilog/variable_counter_unrestricted_8.v:69]
INFO: [Synth 8-6155] done synthesizing module 'variable_counter_unrestricted_8' (10#1) [C:/Users/Javier/Documents/Alchitry/Rune/work/vivado/Rune/Rune.srcs/sources_1/imports/verilog/variable_counter_unrestricted_8.v:11]
INFO: [Synth 8-6157] synthesizing module 'game_CU_9' [C:/Users/Javier/Documents/Alchitry/Rune/work/vivado/Rune/Rune.srcs/sources_1/imports/verilog/game_CU_9.v:7]
INFO: [Synth 8-155] case statement is not full and has no default [C:/Users/Javier/Documents/Alchitry/Rune/work/vivado/Rune/Rune.srcs/sources_1/imports/verilog/game_CU_9.v:140]
INFO: [Synth 8-6155] done synthesizing module 'game_CU_9' (11#1) [C:/Users/Javier/Documents/Alchitry/Rune/work/vivado/Rune/Rune.srcs/sources_1/imports/verilog/game_CU_9.v:7]
INFO: [Synth 8-6157] synthesizing module 'regfile_10' [C:/Users/Javier/Documents/Alchitry/Rune/work/vivado/Rune/Rune.srcs/sources_1/imports/verilog/regfile_10.v:7]
INFO: [Synth 8-6155] done synthesizing module 'regfile_10' (12#1) [C:/Users/Javier/Documents/Alchitry/Rune/work/vivado/Rune/Rune.srcs/sources_1/imports/verilog/regfile_10.v:7]
INFO: [Synth 8-6157] synthesizing module 'alu_11' [C:/Users/Javier/Documents/Alchitry/Rune/work/vivado/Rune/Rune.srcs/sources_1/imports/verilog/alu_11.v:7]
INFO: [Synth 8-6157] synthesizing module 'comparator_25' [C:/Users/Javier/Documents/Alchitry/Rune/work/vivado/Rune/Rune.srcs/sources_1/imports/verilog/comparator_25.v:7]
INFO: [Synth 8-6155] done synthesizing module 'comparator_25' (13#1) [C:/Users/Javier/Documents/Alchitry/Rune/work/vivado/Rune/Rune.srcs/sources_1/imports/verilog/comparator_25.v:7]
INFO: [Synth 8-6157] synthesizing module 'adder_26' [C:/Users/Javier/Documents/Alchitry/Rune/work/vivado/Rune/Rune.srcs/sources_1/imports/verilog/adder_26.v:7]
INFO: [Synth 8-226] default block is never used [C:/Users/Javier/Documents/Alchitry/Rune/work/vivado/Rune/Rune.srcs/sources_1/imports/verilog/adder_26.v:23]
INFO: [Synth 8-6155] done synthesizing module 'adder_26' (14#1) [C:/Users/Javier/Documents/Alchitry/Rune/work/vivado/Rune/Rune.srcs/sources_1/imports/verilog/adder_26.v:7]
INFO: [Synth 8-6157] synthesizing module 'shifter_27' [C:/Users/Javier/Documents/Alchitry/Rune/work/vivado/Rune/Rune.srcs/sources_1/imports/verilog/shifter_27.v:7]
INFO: [Synth 8-6155] done synthesizing module 'shifter_27' (15#1) [C:/Users/Javier/Documents/Alchitry/Rune/work/vivado/Rune/Rune.srcs/sources_1/imports/verilog/shifter_27.v:7]
INFO: [Synth 8-6157] synthesizing module 'boolean_28' [C:/Users/Javier/Documents/Alchitry/Rune/work/vivado/Rune/Rune.srcs/sources_1/imports/verilog/boolean_28.v:7]
INFO: [Synth 8-6155] done synthesizing module 'boolean_28' (16#1) [C:/Users/Javier/Documents/Alchitry/Rune/work/vivado/Rune/Rune.srcs/sources_1/imports/verilog/boolean_28.v:7]
INFO: [Synth 8-6157] synthesizing module 'multiplier_29' [C:/Users/Javier/Documents/Alchitry/Rune/work/vivado/Rune/Rune.srcs/sources_1/imports/verilog/multiplier_29.v:7]
INFO: [Synth 8-6155] done synthesizing module 'multiplier_29' (17#1) [C:/Users/Javier/Documents/Alchitry/Rune/work/vivado/Rune/Rune.srcs/sources_1/imports/verilog/multiplier_29.v:7]
INFO: [Synth 8-6155] done synthesizing module 'alu_11' (18#1) [C:/Users/Javier/Documents/Alchitry/Rune/work/vivado/Rune/Rune.srcs/sources_1/imports/verilog/alu_11.v:7]
INFO: [Synth 8-6157] synthesizing module 'wasel_12' [C:/Users/Javier/Documents/Alchitry/Rune/work/vivado/Rune/Rune.srcs/sources_1/imports/verilog/wasel_12.v:7]
INFO: [Synth 8-6155] done synthesizing module 'wasel_12' (19#1) [C:/Users/Javier/Documents/Alchitry/Rune/work/vivado/Rune/Rune.srcs/sources_1/imports/verilog/wasel_12.v:7]
INFO: [Synth 8-6157] synthesizing module 'ra2sel_13' [C:/Users/Javier/Documents/Alchitry/Rune/work/vivado/Rune/Rune.srcs/sources_1/imports/verilog/ra2sel_13.v:7]
INFO: [Synth 8-6155] done synthesizing module 'ra2sel_13' (20#1) [C:/Users/Javier/Documents/Alchitry/Rune/work/vivado/Rune/Rune.srcs/sources_1/imports/verilog/ra2sel_13.v:7]
INFO: [Synth 8-6157] synthesizing module 'asel_14' [C:/Users/Javier/Documents/Alchitry/Rune/work/vivado/Rune/Rune.srcs/sources_1/imports/verilog/asel_14.v:7]
INFO: [Synth 8-6155] done synthesizing module 'asel_14' (21#1) [C:/Users/Javier/Documents/Alchitry/Rune/work/vivado/Rune/Rune.srcs/sources_1/imports/verilog/asel_14.v:7]
INFO: [Synth 8-6157] synthesizing module 'bsel_15' [C:/Users/Javier/Documents/Alchitry/Rune/work/vivado/Rune/Rune.srcs/sources_1/imports/verilog/bsel_15.v:7]
INFO: [Synth 8-6155] done synthesizing module 'bsel_15' (22#1) [C:/Users/Javier/Documents/Alchitry/Rune/work/vivado/Rune/Rune.srcs/sources_1/imports/verilog/bsel_15.v:7]
INFO: [Synth 8-6157] synthesizing module 'wdsel_16' [C:/Users/Javier/Documents/Alchitry/Rune/work/vivado/Rune/Rune.srcs/sources_1/imports/verilog/wdsel_16.v:7]
INFO: [Synth 8-6155] done synthesizing module 'wdsel_16' (23#1) [C:/Users/Javier/Documents/Alchitry/Rune/work/vivado/Rune/Rune.srcs/sources_1/imports/verilog/wdsel_16.v:7]
INFO: [Synth 8-6155] done synthesizing module 'full_circuit_1' (24#1) [C:/Users/Javier/Documents/Alchitry/Rune/work/vivado/Rune/Rune.srcs/sources_1/imports/verilog/full_circuit_1.v:7]
INFO: [Synth 8-6157] synthesizing module 'reset_conditioner_2' [C:/Users/Javier/Documents/Alchitry/Rune/work/vivado/Rune/Rune.srcs/sources_1/imports/verilog/reset_conditioner_2.v:11]
INFO: [Synth 8-6155] done synthesizing module 'reset_conditioner_2' (25#1) [C:/Users/Javier/Documents/Alchitry/Rune/work/vivado/Rune/Rune.srcs/sources_1/imports/verilog/reset_conditioner_2.v:11]
INFO: [Synth 8-6157] synthesizing module 'multi_seven_seg_5' [C:/Users/Javier/Documents/Alchitry/Rune/work/vivado/Rune/Rune.srcs/sources_1/imports/verilog/multi_seven_seg_5.v:12]
INFO: [Synth 8-6157] synthesizing module 'counter_18' [C:/Users/Javier/Documents/Alchitry/Rune/work/vivado/Rune/Rune.srcs/sources_1/imports/verilog/counter_18.v:14]
INFO: [Synth 8-6155] done synthesizing module 'counter_18' (26#1) [C:/Users/Javier/Documents/Alchitry/Rune/work/vivado/Rune/Rune.srcs/sources_1/imports/verilog/counter_18.v:14]
INFO: [Synth 8-6157] synthesizing module 'seven_seg_19' [C:/Users/Javier/Documents/Alchitry/Rune/work/vivado/Rune/Rune.srcs/sources_1/imports/verilog/seven_seg_19.v:7]
INFO: [Synth 8-6155] done synthesizing module 'seven_seg_19' (27#1) [C:/Users/Javier/Documents/Alchitry/Rune/work/vivado/Rune/Rune.srcs/sources_1/imports/verilog/seven_seg_19.v:7]
INFO: [Synth 8-6157] synthesizing module 'decoder_20' [C:/Users/Javier/Documents/Alchitry/Rune/work/vivado/Rune/Rune.srcs/sources_1/imports/verilog/decoder_20.v:11]
INFO: [Synth 8-6155] done synthesizing module 'decoder_20' (28#1) [C:/Users/Javier/Documents/Alchitry/Rune/work/vivado/Rune/Rune.srcs/sources_1/imports/verilog/decoder_20.v:11]
INFO: [Synth 8-6155] done synthesizing module 'multi_seven_seg_5' (29#1) [C:/Users/Javier/Documents/Alchitry/Rune/work/vivado/Rune/Rune.srcs/sources_1/imports/verilog/multi_seven_seg_5.v:12]
INFO: [Synth 8-6155] done synthesizing module 'au_top_0' (30#1) [C:/Users/Javier/Documents/Alchitry/Rune/work/vivado/Rune/Rune.srcs/sources_1/imports/verilog/au_top_0.v:7]
WARNING: [Synth 8-3917] design au_top_0 has port led[7] driven by constant 0
WARNING: [Synth 8-3917] design au_top_0 has port led[6] driven by constant 0
WARNING: [Synth 8-3917] design au_top_0 has port led[5] driven by constant 0
WARNING: [Synth 8-3917] design au_top_0 has port led[4] driven by constant 0
WARNING: [Synth 8-3917] design au_top_0 has port led[3] driven by constant 0
WARNING: [Synth 8-3917] design au_top_0 has port led[2] driven by constant 0
WARNING: [Synth 8-3917] design au_top_0 has port led[1] driven by constant 0
WARNING: [Synth 8-3917] design au_top_0 has port led[0] driven by constant 0
WARNING: [Synth 8-3917] design au_top_0 has port io_led[23] driven by constant 0
WARNING: [Synth 8-3917] design au_top_0 has port io_led[22] driven by constant 0
WARNING: [Synth 8-3917] design au_top_0 has port io_led[21] driven by constant 0
WARNING: [Synth 8-3917] design au_top_0 has port io_led[20] driven by constant 0
WARNING: [Synth 8-3917] design au_top_0 has port io_led[19] driven by constant 0
WARNING: [Synth 8-3917] design au_top_0 has port io_led[18] driven by constant 0
WARNING: [Synth 8-3917] design au_top_0 has port io_led[17] driven by constant 0
WARNING: [Synth 8-3917] design au_top_0 has port io_led[16] driven by constant 0
WARNING: [Synth 8-7129] Port alufn[5] in module shifter_27 is either unconnected or has no load
WARNING: [Synth 8-7129] Port alufn[4] in module shifter_27 is either unconnected or has no load
WARNING: [Synth 8-7129] Port alufn[3] in module shifter_27 is either unconnected or has no load
WARNING: [Synth 8-7129] Port alufn[2] in module shifter_27 is either unconnected or has no load
WARNING: [Synth 8-7129] Port alufn[5] in module comparator_25 is either unconnected or has no load
WARNING: [Synth 8-7129] Port alufn[4] in module comparator_25 is either unconnected or has no load
WARNING: [Synth 8-7129] Port alufn[3] in module comparator_25 is either unconnected or has no load
WARNING: [Synth 8-7129] Port alufn[0] in module comparator_25 is either unconnected or has no load
WARNING: [Synth 8-7129] Port rb_data[15] in module game_CU_9 is either unconnected or has no load
WARNING: [Synth 8-7129] Port rb_data[14] in module game_CU_9 is either unconnected or has no load
WARNING: [Synth 8-7129] Port rb_data[13] in module game_CU_9 is either unconnected or has no load
WARNING: [Synth 8-7129] Port rb_data[12] in module game_CU_9 is either unconnected or has no load
WARNING: [Synth 8-7129] Port rb_data[11] in module game_CU_9 is either unconnected or has no load
WARNING: [Synth 8-7129] Port rb_data[10] in module game_CU_9 is either unconnected or has no load
WARNING: [Synth 8-7129] Port rb_data[9] in module game_CU_9 is either unconnected or has no load
WARNING: [Synth 8-7129] Port rb_data[8] in module game_CU_9 is either unconnected or has no load
WARNING: [Synth 8-7129] Port rb_data[7] in module game_CU_9 is either unconnected or has no load
WARNING: [Synth 8-7129] Port rb_data[6] in module game_CU_9 is either unconnected or has no load
WARNING: [Synth 8-7129] Port rb_data[5] in module game_CU_9 is either unconnected or has no load
WARNING: [Synth 8-7129] Port rb_data[4] in module game_CU_9 is either unconnected or has no load
WARNING: [Synth 8-7129] Port rb_data[3] in module game_CU_9 is either unconnected or has no load
WARNING: [Synth 8-7129] Port rb_data[2] in module game_CU_9 is either unconnected or has no load
WARNING: [Synth 8-7129] Port rb_data[1] in module game_CU_9 is either unconnected or has no load
WARNING: [Synth 8-7129] Port io_dip[23] in module au_top_0 is either unconnected or has no load
WARNING: [Synth 8-7129] Port io_dip[22] in module au_top_0 is either unconnected or has no load
WARNING: [Synth 8-7129] Port io_dip[21] in module au_top_0 is either unconnected or has no load
WARNING: [Synth 8-7129] Port io_dip[20] in module au_top_0 is either unconnected or has no load
WARNING: [Synth 8-7129] Port io_dip[19] in module au_top_0 is either unconnected or has no load
WARNING: [Synth 8-7129] Port io_dip[18] in module au_top_0 is either unconnected or has no load
WARNING: [Synth 8-7129] Port io_dip[17] in module au_top_0 is either unconnected or has no load
WARNING: [Synth 8-7129] Port io_dip[16] in module au_top_0 is either unconnected or has no load
WARNING: [Synth 8-7129] Port io_dip[15] in module au_top_0 is either unconnected or has no load
WARNING: [Synth 8-7129] Port io_dip[14] in module au_top_0 is either unconnected or has no load
WARNING: [Synth 8-7129] Port io_dip[13] in module au_top_0 is either unconnected or has no load
WARNING: [Synth 8-7129] Port io_dip[12] in module au_top_0 is either unconnected or has no load
WARNING: [Synth 8-7129] Port io_dip[11] in module au_top_0 is either unconnected or has no load
WARNING: [Synth 8-7129] Port io_dip[10] in module au_top_0 is either unconnected or has no load
WARNING: [Synth 8-7129] Port io_dip[9] in module au_top_0 is either unconnected or has no load
WARNING: [Synth 8-7129] Port io_dip[8] in module au_top_0 is either unconnected or has no load
WARNING: [Synth 8-7129] Port io_dip[7] in module au_top_0 is either unconnected or has no load
WARNING: [Synth 8-7129] Port io_dip[6] in module au_top_0 is either unconnected or has no load
WARNING: [Synth 8-7129] Port io_dip[5] in module au_top_0 is either unconnected or has no load
WARNING: [Synth 8-7129] Port io_dip[4] in module au_top_0 is either unconnected or has no load
WARNING: [Synth 8-7129] Port io_dip[3] in module au_top_0 is either unconnected or has no load
WARNING: [Synth 8-7129] Port io_dip[2] in module au_top_0 is either unconnected or has no load
WARNING: [Synth 8-7129] Port io_dip[1] in module au_top_0 is either unconnected or has no load
---------------------------------------------------------------------------------
Finished RTL Elaboration : Time (s): cpu = 00:00:09 ; elapsed = 00:00:10 . Memory (MB): peak = 1247.664 ; gain = 0.000
---------------------------------------------------------------------------------
---------------------------------------------------------------------------------
Start Handling Custom Attributes
---------------------------------------------------------------------------------
---------------------------------------------------------------------------------
Finished Handling Custom Attributes : Time (s): cpu = 00:00:10 ; elapsed = 00:00:11 . Memory (MB): peak = 1247.664 ; gain = 0.000
---------------------------------------------------------------------------------
---------------------------------------------------------------------------------
Finished RTL Optimization Phase 1 : Time (s): cpu = 00:00:10 ; elapsed = 00:00:11 . Memory (MB): peak = 1247.664 ; gain = 0.000
---------------------------------------------------------------------------------
Netlist sorting complete. Time (s): cpu = 00:00:01 ; elapsed = 00:00:00.051 . Memory (MB): peak = 1247.664 ; gain = 0.000
INFO: [Project 1-570] Preparing netlist for logic optimization

Processing XDC Constraints
Initializing timing engine
Parsing XDC File [C:/Users/Javier/Documents/Alchitry/Rune/work/constraint/alchitry.xdc]
Finished Parsing XDC File [C:/Users/Javier/Documents/Alchitry/Rune/work/constraint/alchitry.xdc]
INFO: [Project 1-236] Implementation specific constraints were found while reading constraint file [C:/Users/Javier/Documents/Alchitry/Rune/work/constraint/alchitry.xdc]. These constraints will be ignored for synthesis but will be used in implementation. Impacted constraints are listed in the file [.Xil/au_top_0_propImpl.xdc].
Resolution: To avoid this warning, move constraints listed in [.Xil/au_top_0_propImpl.xdc] to another XDC file and exclude this new file from synthesis with the used_in_synthesis property (File Properties dialog in GUI) and re-run elaboration/synthesis.
Parsing XDC File [C:/Users/Javier/Documents/Alchitry/Rune/work/constraint/io.xdc]
Finished Parsing XDC File [C:/Users/Javier/Documents/Alchitry/Rune/work/constraint/io.xdc]
INFO: [Project 1-236] Implementation specific constraints were found while reading constraint file [C:/Users/Javier/Documents/Alchitry/Rune/work/constraint/io.xdc]. These constraints will be ignored for synthesis but will be used in implementation. Impacted constraints are listed in the file [.Xil/au_top_0_propImpl.xdc].
Resolution: To avoid this warning, move constraints listed in [.Xil/au_top_0_propImpl.xdc] to another XDC file and exclude this new file from synthesis with the used_in_synthesis property (File Properties dialog in GUI) and re-run elaboration/synthesis.
Parsing XDC File [C:/Program Files/Alchitry/Alchitry Labs/library/components/au.xdc]
Finished Parsing XDC File [C:/Program Files/Alchitry/Alchitry Labs/library/components/au.xdc]
Completed Processing XDC Constraints

Netlist sorting complete. Time (s): cpu = 00:00:00 ; elapsed = 00:00:00.001 . Memory (MB): peak = 1247.664 ; gain = 0.000
INFO: [Project 1-111] Unisim Transformation Summary:
No Unisim elements were transformed.

Constraint Validation Runtime : Time (s): cpu = 00:00:00 ; elapsed = 00:00:00.014 . Memory (MB): peak = 1247.664 ; gain = 0.000
---------------------------------------------------------------------------------
Finished Constraint Validation : Time (s): cpu = 00:00:22 ; elapsed = 00:00:23 . Memory (MB): peak = 1247.664 ; gain = 0.000
---------------------------------------------------------------------------------
---------------------------------------------------------------------------------
Start Loading Part and Timing Information
---------------------------------------------------------------------------------
Loading part: xc7a35tftg256-1
---------------------------------------------------------------------------------
Finished Loading Part and Timing Information : Time (s): cpu = 00:00:22 ; elapsed = 00:00:23 . Memory (MB): peak = 1247.664 ; gain = 0.000
---------------------------------------------------------------------------------
---------------------------------------------------------------------------------
Start Applying 'set_property' XDC Constraints
---------------------------------------------------------------------------------
---------------------------------------------------------------------------------
Finished applying 'set_property' XDC Constraints : Time (s): cpu = 00:00:22 ; elapsed = 00:00:23 . Memory (MB): peak = 1247.664 ; gain = 0.000
---------------------------------------------------------------------------------
---------------------------------------------------------------------------------
Finished RTL Optimization Phase 2 : Time (s): cpu = 00:00:23 ; elapsed = 00:00:24 . Memory (MB): peak = 1247.664 ; gain = 0.000
---------------------------------------------------------------------------------
INFO: [Synth 8-223] decloning instance 'cpu/vi_ur/slowclock_forvariablecounter' (counter_24) to 'cpu/vi_ur/slowerclock'
---------------------------------------------------------------------------------
Start RTL Component Statistics 
---------------------------------------------------------------------------------
Detailed RTL Component Info : 
+---Adders : 
	   2 Input   18 Bit       Adders := 1     
	   3 Input   16 Bit       Adders := 1     
	   2 Input   16 Bit       Adders := 1     
	   2 Input    1 Bit       Adders := 1     
+---XORs : 
	   2 Input     32 Bit         XORs := 4     
	   4 Input     32 Bit         XORs := 2     
	   2 Input     16 Bit         XORs := 1     
	   2 Input      1 Bit         XORs := 1     
+---Registers : 
	              256 Bit    Registers := 1     
	               32 Bit    Registers := 8     
	               18 Bit    Registers := 1     
	                7 Bit    Registers := 1     
	                4 Bit    Registers := 1     
	                2 Bit    Registers := 5     
	                1 Bit    Registers := 13    
+---Muxes : 
	   2 Input  256 Bit        Muxes := 1     
	   2 Input   32 Bit        Muxes := 2     
	   2 Input   18 Bit        Muxes := 1     
	   2 Input   16 Bit        Muxes := 6     
	   4 Input   16 Bit        Muxes := 2     
	   8 Input   16 Bit        Muxes := 1     
	   3 Input    7 Bit        Muxes := 1     
	   7 Input    7 Bit        Muxes := 1     
	   2 Input    7 Bit        Muxes := 3     
	   2 Input    6 Bit        Muxes := 6     
	  83 Input    6 Bit        Muxes := 1     
	   2 Input    5 Bit        Muxes := 5     
	  83 Input    4 Bit        Muxes := 3     
	   2 Input    4 Bit        Muxes := 2     
	   4 Input    4 Bit        Muxes := 1     
	  83 Input    3 Bit        Muxes := 1     
	  83 Input    2 Bit        Muxes := 1     
	   2 Input    1 Bit        Muxes := 19    
	  81 Input    1 Bit        Muxes := 3     
	   4 Input    1 Bit        Muxes := 1     
---------------------------------------------------------------------------------
Finished RTL Component Statistics 
---------------------------------------------------------------------------------
---------------------------------------------------------------------------------
Start Part Resource Summary
---------------------------------------------------------------------------------
Part Resources:
DSPs: 90 (col length:60)
BRAMs: 100 (col length: RAMB18 60 RAMB36 30)
---------------------------------------------------------------------------------
Finished Part Resource Summary
---------------------------------------------------------------------------------
---------------------------------------------------------------------------------
Start Cross Boundary and Area Optimization
---------------------------------------------------------------------------------
WARNING: [Synth 8-7080] Parallel synthesis criteria is not met
DSP Report: Generating DSP cpu/alu_unit/mult/out0, operation Mode is: A*B.
DSP Report: operator cpu/alu_unit/mult/out0 is absorbed into DSP cpu/alu_unit/mult/out0.
WARNING: [Synth 8-3917] design au_top_0 has port led[7] driven by constant 0
WARNING: [Synth 8-3917] design au_top_0 has port led[6] driven by constant 0
WARNING: [Synth 8-3917] design au_top_0 has port led[5] driven by constant 0
WARNING: [Synth 8-3917] design au_top_0 has port led[4] driven by constant 0
WARNING: [Synth 8-3917] design au_top_0 has port led[3] driven by constant 0
WARNING: [Synth 8-3917] design au_top_0 has port led[2] driven by constant 0
WARNING: [Synth 8-3917] design au_top_0 has port led[1] driven by constant 0
WARNING: [Synth 8-3917] design au_top_0 has port led[0] driven by constant 0
WARNING: [Synth 8-3917] design au_top_0 has port io_led[23] driven by constant 0
WARNING: [Synth 8-3917] design au_top_0 has port io_led[22] driven by constant 0
WARNING: [Synth 8-3917] design au_top_0 has port io_led[21] driven by constant 0
WARNING: [Synth 8-3917] design au_top_0 has port io_led[20] driven by constant 0
WARNING: [Synth 8-3917] design au_top_0 has port io_led[19] driven by constant 0
WARNING: [Synth 8-3917] design au_top_0 has port io_led[18] driven by constant 0
WARNING: [Synth 8-3917] design au_top_0 has port io_led[17] driven by constant 0
WARNING: [Synth 8-3917] design au_top_0 has port io_led[16] driven by constant 0
WARNING: [Synth 8-3917] design au_top_0 has port io_seg[7] driven by constant 1
WARNING: [Synth 8-7129] Port io_dip[23] in module au_top_0 is either unconnected or has no load
WARNING: [Synth 8-7129] Port io_dip[22] in module au_top_0 is either unconnected or has no load
WARNING: [Synth 8-7129] Port io_dip[21] in module au_top_0 is either unconnected or has no load
WARNING: [Synth 8-7129] Port io_dip[20] in module au_top_0 is either unconnected or has no load
WARNING: [Synth 8-7129] Port io_dip[19] in module au_top_0 is either unconnected or has no load
WARNING: [Synth 8-7129] Port io_dip[18] in module au_top_0 is either unconnected or has no load
WARNING: [Synth 8-7129] Port io_dip[17] in module au_top_0 is either unconnected or has no load
WARNING: [Synth 8-7129] Port io_dip[16] in module au_top_0 is either unconnected or has no load
WARNING: [Synth 8-7129] Port io_dip[15] in module au_top_0 is either unconnected or has no load
WARNING: [Synth 8-7129] Port io_dip[14] in module au_top_0 is either unconnected or has no load
WARNING: [Synth 8-7129] Port io_dip[13] in module au_top_0 is either unconnected or has no load
WARNING: [Synth 8-7129] Port io_dip[12] in module au_top_0 is either unconnected or has no load
WARNING: [Synth 8-7129] Port io_dip[11] in module au_top_0 is either unconnected or has no load
WARNING: [Synth 8-7129] Port io_dip[10] in module au_top_0 is either unconnected or has no load
WARNING: [Synth 8-7129] Port io_dip[9] in module au_top_0 is either unconnected or has no load
WARNING: [Synth 8-7129] Port io_dip[8] in module au_top_0 is either unconnected or has no load
WARNING: [Synth 8-7129] Port io_dip[7] in module au_top_0 is either unconnected or has no load
WARNING: [Synth 8-7129] Port io_dip[6] in module au_top_0 is either unconnected or has no load
WARNING: [Synth 8-7129] Port io_dip[5] in module au_top_0 is either unconnected or has no load
WARNING: [Synth 8-7129] Port io_dip[4] in module au_top_0 is either unconnected or has no load
WARNING: [Synth 8-7129] Port io_dip[3] in module au_top_0 is either unconnected or has no load
WARNING: [Synth 8-7129] Port io_dip[2] in module au_top_0 is either unconnected or has no load
WARNING: [Synth 8-7129] Port io_dip[1] in module au_top_0 is either unconnected or has no load
---------------------------------------------------------------------------------
Finished Cross Boundary and Area Optimization : Time (s): cpu = 00:01:20 ; elapsed = 00:01:23 . Memory (MB): peak = 1247.664 ; gain = 0.000
---------------------------------------------------------------------------------
---------------------------------------------------------------------------------
Start ROM, RAM, DSP, Shift Register and Retiming Reporting
---------------------------------------------------------------------------------

DSP: Preliminary Mapping Report (see note below. The ' indicates corresponding REG is set)
+--------------+-------------+--------+--------+--------+--------+--------+------+------+------+------+-------+------+------+
|Module Name   | DSP Mapping | A Size | B Size | C Size | D Size | P Size | AREG | BREG | CREG | DREG | ADREG | MREG | PREG | 
+--------------+-------------+--------+--------+--------+--------+--------+------+------+------+------+-------+------+------+
|multiplier_29 | A*B         | 16     | 16     | -      | -      | 32     | 0    | 0    | -    | -    | -     | 0    | 0    | 
+--------------+-------------+--------+--------+--------+--------+--------+------+------+------+------+-------+------+------+

Note: The table above is a preliminary report that shows the DSPs inferred at the current stage of the synthesis flow. Some DSP may be reimplemented as non DSP primitives later in the synthesis flow. Multiple instantiated DSPs are reported only once.
---------------------------------------------------------------------------------
Finished ROM, RAM, DSP, Shift Register and Retiming Reporting
---------------------------------------------------------------------------------
---------------------------------------------------------------------------------
Start Applying XDC Timing Constraints
---------------------------------------------------------------------------------
---------------------------------------------------------------------------------
Finished Applying XDC Timing Constraints : Time (s): cpu = 00:01:39 ; elapsed = 00:01:42 . Memory (MB): peak = 1247.664 ; gain = 0.000
---------------------------------------------------------------------------------
---------------------------------------------------------------------------------
Start Timing Optimization
---------------------------------------------------------------------------------
---------------------------------------------------------------------------------
Finished Timing Optimization : Time (s): cpu = 00:02:06 ; elapsed = 00:02:09 . Memory (MB): peak = 1386.750 ; gain = 139.086
---------------------------------------------------------------------------------
---------------------------------------------------------------------------------
Start Technology Mapping
---------------------------------------------------------------------------------
---------------------------------------------------------------------------------
Finished Technology Mapping : Time (s): cpu = 00:02:08 ; elapsed = 00:02:12 . Memory (MB): peak = 1396.801 ; gain = 149.137
---------------------------------------------------------------------------------
---------------------------------------------------------------------------------
Start IO Insertion
---------------------------------------------------------------------------------
---------------------------------------------------------------------------------
Start Flattening Before IO Insertion
---------------------------------------------------------------------------------
---------------------------------------------------------------------------------
Finished Flattening Before IO Insertion
---------------------------------------------------------------------------------
---------------------------------------------------------------------------------
Start Final Netlist Cleanup
---------------------------------------------------------------------------------
---------------------------------------------------------------------------------
Finished Final Netlist Cleanup
---------------------------------------------------------------------------------
---------------------------------------------------------------------------------
Finished IO Insertion : Time (s): cpu = 00:02:22 ; elapsed = 00:02:26 . Memory (MB): peak = 1396.801 ; gain = 149.137
---------------------------------------------------------------------------------
---------------------------------------------------------------------------------
Start Renaming Generated Instances
---------------------------------------------------------------------------------
---------------------------------------------------------------------------------
Finished Renaming Generated Instances : Time (s): cpu = 00:02:22 ; elapsed = 00:02:26 . Memory (MB): peak = 1396.801 ; gain = 149.137
---------------------------------------------------------------------------------
---------------------------------------------------------------------------------
Start Rebuilding User Hierarchy
---------------------------------------------------------------------------------
---------------------------------------------------------------------------------
Finished Rebuilding User Hierarchy : Time (s): cpu = 00:02:23 ; elapsed = 00:02:26 . Memory (MB): peak = 1396.801 ; gain = 149.137
---------------------------------------------------------------------------------
---------------------------------------------------------------------------------
Start Renaming Generated Ports
---------------------------------------------------------------------------------
---------------------------------------------------------------------------------
Finished Renaming Generated Ports : Time (s): cpu = 00:02:23 ; elapsed = 00:02:26 . Memory (MB): peak = 1396.801 ; gain = 149.137
---------------------------------------------------------------------------------
---------------------------------------------------------------------------------
Start Handling Custom Attributes
---------------------------------------------------------------------------------
---------------------------------------------------------------------------------
Finished Handling Custom Attributes : Time (s): cpu = 00:02:23 ; elapsed = 00:02:26 . Memory (MB): peak = 1396.801 ; gain = 149.137
---------------------------------------------------------------------------------
---------------------------------------------------------------------------------
Start Renaming Generated Nets
---------------------------------------------------------------------------------
---------------------------------------------------------------------------------
Finished Renaming Generated Nets : Time (s): cpu = 00:02:23 ; elapsed = 00:02:26 . Memory (MB): peak = 1396.801 ; gain = 149.137
---------------------------------------------------------------------------------
---------------------------------------------------------------------------------
Start Writing Synthesis Report
---------------------------------------------------------------------------------

Report BlackBoxes: 
+-+--------------+----------+
| |BlackBox name |Instances |
+-+--------------+----------+
+-+--------------+----------+

Report Cell Usage: 
+------+-------+------+
|      |Cell   |Count |
+------+-------+------+
|1     |BUFG   |     1|
|2     |CARRY4 |    59|
|3     |LUT1   |    22|
|4     |LUT2   |   129|
|5     |LUT3   |    54|
|6     |LUT4   |   144|
|7     |LUT5   |    52|
|8     |LUT6   |   320|
|9     |MUXF7  |     8|
|10    |MUXF8  |     2|
|11    |FDRE   |   647|
|12    |FDSE   |    96|
|13    |IBUF   |     9|
|14    |OBUF   |    45|
+------+-------+------+
---------------------------------------------------------------------------------
Finished Writing Synthesis Report : Time (s): cpu = 00:02:23 ; elapsed = 00:02:26 . Memory (MB): peak = 1396.801 ; gain = 149.137
---------------------------------------------------------------------------------
Synthesis finished with 0 errors, 0 critical warnings and 41 warnings.
Synthesis Optimization Runtime : Time (s): cpu = 00:02:09 ; elapsed = 00:02:23 . Memory (MB): peak = 1396.801 ; gain = 149.137
Synthesis Optimization Complete : Time (s): cpu = 00:02:23 ; elapsed = 00:02:27 . Memory (MB): peak = 1396.801 ; gain = 149.137
INFO: [Project 1-571] Translating synthesized netlist
Netlist sorting complete. Time (s): cpu = 00:00:00 ; elapsed = 00:00:00.070 . Memory (MB): peak = 1399.781 ; gain = 0.000
INFO: [Netlist 29-17] Analyzing 69 Unisim elements for replacement
INFO: [Netlist 29-28] Unisim Transformation completed in 0 CPU seconds
INFO: [Project 1-570] Preparing netlist for logic optimization
INFO: [Opt 31-138] Pushed 0 inverter(s) to 0 load pin(s).
Netlist sorting complete. Time (s): cpu = 00:00:00 ; elapsed = 00:00:00.001 . Memory (MB): peak = 1403.496 ; gain = 0.000
INFO: [Project 1-111] Unisim Transformation Summary:
No Unisim elements were transformed.

Synth Design complete, checksum: 6aa1476f
INFO: [Common 17-83] Releasing license: Synthesis
79 Infos, 121 Warnings, 0 Critical Warnings and 0 Errors encountered.
synth_design completed successfully
synth_design: Time (s): cpu = 00:02:33 ; elapsed = 00:02:38 . Memory (MB): peak = 1403.496 ; gain = 155.832
INFO: [Common 17-1381] The checkpoint 'C:/Users/Javier/Documents/Alchitry/Rune/work/vivado/Rune/Rune.runs/synth_1/au_top_0.dcp' has been generated.
INFO: [runtcl-4] Executing : report_utilization -file au_top_0_utilization_synth.rpt -pb au_top_0_utilization_synth.pb
INFO: [Common 17-206] Exiting Vivado at Thu Apr 14 13:32:06 2022...
